~~~
<div id="edeb3695-92c8-4fc1-aed4-ed9123c2578f" data-jscall-id="108" style="visibility: hidden;">
  <div data-jscall-id="103">slider 1: 
    <input step="1" max="100" min="1" data-jscall-id="104" value="1" oninput="JSServe.update_obs('1257501569800513430', parseFloat(value))" type="range" />
    <p data-jscall-id="102">1</p>
  </div>
  <script data-jscall-id="105" type="text/javascript">
    window.__define = window.define;
    window.__require = window.require;
    window.define = undefined;
    window.require = undefined;

</script>
  <script data-jscall-id="106" type="text/javascript">
    window.define = window.__define;
    window.require = window.__require;
    window.__define = undefined;
    window.__require = undefined;

</script>
  <script data-jscall-id="107" type="text/javascript">
(()=> {
    JSServe.register_sub_session('edeb3695-92c8-4fc1-aed4-ed9123c2578f')
    const init_data_b64 = 'H4sIAAAAAAAAA8VUy24TMRQV23yFd9NITTrjxzyQygLKgkhQUNghZDnjm2CYsUcznjSjik1YI8GWHSA17MtH8Av8De6kpAVFjUgqMSuP7rnXPufYZ74oRJMZIT+9+72680XJ8wCziPkBC5PY91lAKPG/5dWE26aAz2yFnZ9z/lpMRZWWqrBtlfOzwfCBkbDCnFWmLlP4+aMEW5cajWudWmU0MprXhRQW9jSc8KnIauii0w5y38GB0hbKwmTCKj1BZoyOjh8j7eZWSGiJjH0FJRrUmRKo7azQiSnfoNxUNmuQqBDMCkgtyLvtwNToyqKCQwY5aIsOEefgGrkrWJhZzl/4L1vkCtNXWkP53BUdenXCztvO4rLn41r6iyOTP7nG/2vg442SBn/KT0jsgBhThqOY0jCkeJ380mG/BxElSUKIjwnDIWEspMk6cDvYAaI4wgwHlERhgLFPd/b16aWvrTyH99BgOIRyCv2lt/zCMy6sLdWodlavkX0feZWFwttfjuj+s750o2bBdtSOb4FaLma7Mdvg8P+kpvSOpt14H7dk9uwWmLW9O3K7+cHPt+L2/irLRFFkKhUXScqlyV1GSZPWbXBNwD5cZtj95pHc80DCiIQJ6yU4jXt0nAY9AZL2QCYBJqk7Zzz2um36/TW1X9kmg/5UVWqkMmUbt43X/mXgrYLwwxWva28u+QW6/xlHXQYAAA=='
    JSServe.init_from_b64(init_data_b64)
    if (!true){
        JSServe.update_obs('4046032800600090970', true)
    }
})()
</script>
</div>
~~~
