~~~
<div id="cede4b89-b9f5-4398-86d3-a7e2ef591a36" data-jscall-id="108" style="visibility: hidden;">
  <div data-jscall-id="103">slider 1: 
    <input step="1" max="100" min="1" data-jscall-id="104" value="1" oninput="JSServe.update_obs('11278852907179489829', parseFloat(value))" type="range" />
    <p data-jscall-id="102">1</p>
  </div>
  <script data-jscall-id="105" type="text/javascript">
    window.__define = window.define;
    window.__require = window.require;
    window.define = undefined;
    window.require = undefined;

</script>
  <script data-jscall-id="106" type="text/javascript">
    window.define = window.__define;
    window.require = window.__require;
    window.__define = undefined;
    window.__require = undefined;

</script>
  <script data-jscall-id="107" type="text/javascript">
(()=> {
    JSServe.register_sub_session('cede4b89-b9f5-4398-86d3-a7e2ef591a36')
    const init_data_b64 = 'H4sIAAAAAAAAA8WUwY7TMBCGxbVP4Vu20rYbp3FiIy0HWA5UggWVG0KWG0+LIbGjxOk2QlzKGQmu3ABpy315CF6Bt8GbLimgaivalcjJ0fwzyTd/8i+WuahTI+THt79Otz4r+Q3jIKaUBMyPccxCymjAvmbllNs6h0+kFS8uOH8pZqJMCpXbpsr5+XB0z0hoNeelqYoEfnwvwFaFRpNKJ1YZjYzmVS6FhQMNZ3wm0gq66HUHuevoSGkLRW5SYZWeIjNBJ6cPkXZzSyS0RMa+gAINq1QJ1HSW6MwUr1BmSpvWSJQI5jkkFuTtZmBidGlRziGFDLRFx4hzcI3cFSzMLefP/OeNstX0ldZQPHVFp27fsPOms7zq+bARf3liske/8X/BfrB9p/gPAy5iEvkhdnIaEcxI7FN/0/5lo/WjgEa+T0KKfRbHMdvo1crYIAwGhDghIUEQMopJvLexj6+MbfZzfAcNRyMoZtBfmcsvTePC2kKNK+f1hr0fIq+0kHuHqxHdf15wuHVneDe00xtAy8R8X7LrHP6fZErvR7ble9wR7ckNoDW9+8Jd/8cvdoJ7t04zkeepSsRllnJpMpdS0iRVE11TsPdXKXa3fiAPvAQkhGPKemM2Ib1wwGiPRnLQEzEEMCEMi0HkdZv8+2tqv7R1Cv2ZKtVYpcrW7jFec5eC10bh+zVXsD6ynwF4OtRgBgAA'
    JSServe.init_from_b64(init_data_b64)
    if (!true){
        JSServe.update_obs('998239210650859155', true)
    }
})()
</script>
</div>
~~~
