~~~
<div id="425148e0-89b2-4816-9e47-6923475f68e4" data-jscall-id="108" style="visibility: hidden;">
  <div data-jscall-id="103">slider 1: 
    <input step="1" max="100" min="1" data-jscall-id="104" value="1" oninput="JSServe.update_obs('3798316010727227382', parseFloat(value))" type="range" />
    <p data-jscall-id="102">1</p>
  </div>
  <script data-jscall-id="105" type="text/javascript">
    window.__define = window.define;
    window.__require = window.require;
    window.define = undefined;
    window.require = undefined;

</script>
  <script data-jscall-id="106" type="text/javascript">
    window.define = window.__define;
    window.require = window.__require;
    window.__define = undefined;
    window.__require = undefined;

</script>
  <script data-jscall-id="107" type="text/javascript">
(()=> {
    JSServe.register_sub_session('425148e0-89b2-4816-9e47-6923475f68e4')
    const init_data_b64 = 'H4sIAAAAAAAAA8WUT2/TMBjGxbWfwres0trF+R+kcYBxoBIMVG4IWW78thgSO7KdrtHEpZyR4MoNkFbu40PwFfg2eO7oBqo60U4ihyjR+/q1f8+TPPNFTdtSUvbp3e+nO184Ow/TPAtx4mM/DdIgSMMs+FbpCTFtDZ/jVe/8nJDXdEp1oXhtXJWQs8HwgWSw6jnTslEF/PyhwDRKoHEjCsOlQFKQpmbUwJ6AEzKlZQNddNpB9jo44MKAqmVJDRcTJMfo6PgxEnauRlQwJM0rUGjQlJwit1KjE6neoEpqU7aIagSzGgoD7K4bWEihDaoJlFCBMOgQEQJ2IbEFAzNDyAv/petc9fS5EKCe26LtXp2w87azuFzzcS3+4khWT67xf8V+cKOk+A/5v2Mc4jDK/CzBQRynWe6n8Tr9mWsOcltP49APc5zkod1orVnO2DhO8ijJcWRvQRLao/g7G/v00linz+E9NBgOQU2hvzSXXJhGqDGKjxrr9Rrd95GnDdTe/nJE958Fjm4WDW/HdnwLbBWd7Yq20eL/icbFbmibP8gtyZ7dAplbuyPb5l9+vhXb+6s0o3Vd8oJeZClhsrIpxWTRuOiagHm4TLH77SO250VBjKMM/F6Wj4JelOGkl0OU9qzmYZTG4ySDyOu6/Ptral+btoT+lGs+4iU3rd3Gc28leKso/HDFdQ0x/wV1yP1tXwYAAA=='
    JSServe.init_from_b64(init_data_b64)
    if (!true){
        JSServe.update_obs('11707559010226182729', true)
    }
})()
</script>
</div>
~~~
